acom -O3 -e 100 -work ALU -2002  $dsn/src/ALU.vhd
# Warning: DAGGEN_0523: The source is compiled without the -dbg switch. Line breakpoints and assertion debug will not be available.
# File: C:/Users/seene/Desktop/Stony Brook/Fall 2022/ESE 345/Project/Pipelined-SIMD-multimedia-unit-design/Part1/MultimediaALU/ALU/src/ALU.vhd
# Compile Entity "multiplication"
# Compile Architecture "multAlu" of Entity "multiplication"
# Compile Entity "addition"
# Compile Architecture "addAlu" of Entity "addition"
# Error: COMP96_0078: ALU.vhd : (52, 53): Unknown identifier "m".
# Error: COMP96_0133: ALU.vhd : (52, 53): Cannot find object declaration.
# Error: COMP96_0094: ALU.vhd : (52, 53): Locally static expression is required in the range definition.
# Error: COMP96_0078: ALU.vhd : (54, 43): Unknown identifier "m".
# Error: COMP96_0133: ALU.vhd : (54, 43): Cannot find object declaration.
# Error: COMP96_0094: ALU.vhd : (54, 43): Locally static expression is required in the range definition.
# Error: COMP96_0078: ALU.vhd : (57, 66): Unknown identifier "m".
# Error: COMP96_0133: ALU.vhd : (57, 66): Cannot find object declaration.
# Error: COMP96_0104: ALU.vhd : (57, 66): Undefined type of expression.
# Error: COMP96_0078: ALU.vhd : (59, 64): Unknown identifier "m".
# Error: COMP96_0133: ALU.vhd : (59, 64): Cannot find object declaration.
# Error: COMP96_0093: ALU.vhd : (59, 36): The type of a parameter in a subprogram call does not match to a formal parameter of the "ieee.NUMERIC_STD.RESIZE(ARG : UNSIGNED; NEW_SIZE : NATURAL) return UNSIGNED" subprogram.
# Error: COMP96_0104: ALU.vhd : (59, 64): Undefined type of expression.
# Compile Entity "subtraction"
# Compile Architecture "subAlu" of Entity "subtraction"
# Error: COMP96_0078: ALU.vhd : (86, 53): Unknown identifier "m".
# Error: COMP96_0133: ALU.vhd : (86, 53): Cannot find object declaration.
# Error: COMP96_0094: ALU.vhd : (86, 53): Locally static expression is required in the range definition.
# Error: COMP96_0078: ALU.vhd : (88, 43): Unknown identifier "m".
# Error: COMP96_0133: ALU.vhd : (88, 43): Cannot find object declaration.
# Error: COMP96_0094: ALU.vhd : (88, 43): Locally static expression is required in the range definition.
# Error: COMP96_0078: ALU.vhd : (90, 6): Unknown identifier "xsign".
# Error: COMP96_0133: ALU.vhd : (90, 6): Cannot find object declaration.
# Error: COMP96_0077: ALU.vhd : (90, 6): Undefined type of expression. Expected type 'BOOLEAN'.
# Error: COMP96_0078: ALU.vhd : (91, 66): Unknown identifier "m".
# Error: COMP96_0133: ALU.vhd : (91, 66): Cannot find object declaration.
# Error: COMP96_0104: ALU.vhd : (91, 66): Undefined type of expression.
# Error: COMP96_0078: ALU.vhd : (93, 64): Unknown identifier "m".
# Error: COMP96_0133: ALU.vhd : (93, 64): Cannot find object declaration.
# Error: COMP96_0093: ALU.vhd : (93, 36): The type of a parameter in a subprogram call does not match to a formal parameter of the "ieee.NUMERIC_STD.RESIZE(ARG : UNSIGNED; NEW_SIZE : NATURAL) return UNSIGNED" subprogram.
# Error: COMP96_0104: ALU.vhd : (93, 64): Undefined type of expression.
# Error: COMP96_0078: ALU.vhd : (97, 10): Unknown identifier "clk".
# Error: COMP96_0348: ALU.vhd : (97, 10): Name on sensitivity list must denote a signal.
# Error: COMP96_0078: ALU.vhd : (99, 18): Unknown identifier "clk".
# Error: COMP96_0133: ALU.vhd : (99, 18): Cannot find object declaration.
# Error: COMP96_0104: ALU.vhd : (99, 18): Undefined type of expression.
# Error: COMP96_0152: ALU.vhd : (99, 18): Formal "s" of class signal must be associated with a signal.
# Error: COMP96_0078: ALU.vhd : (100, 23): Unknown identifier "xsign".
# Compile Entity "aluIO"
# Compile Architecture "alu" of Entity "aluIO"
# Compile failure 36 Errors 0 Warnings  Analysis time :  47.0 [ms]
acom -O3 -e 100 -work ALU -2002  $dsn/src/ALU.vhd
# Warning: DAGGEN_0523: The source is compiled without the -dbg switch. Line breakpoints and assertion debug will not be available.
# File: C:/Users/seene/Desktop/Stony Brook/Fall 2022/ESE 345/Project/Pipelined-SIMD-multimedia-unit-design/Part1/MultimediaALU/ALU/src/ALU.vhd
# Compile Entity "multiplication"
# Compile Architecture "multAlu" of Entity "multiplication"
# Compile Entity "addition"
# Compile Architecture "addAlu" of Entity "addition"
# Compile Entity "subtraction"
# Compile Architecture "subAlu" of Entity "subtraction"
# Error: COMP96_0078: ALU.vhd : (90, 6): Unknown identifier "xsign".
# Error: COMP96_0133: ALU.vhd : (90, 6): Cannot find object declaration.
# Error: COMP96_0077: ALU.vhd : (90, 6): Undefined type of expression. Expected type 'BOOLEAN'.
# Error: COMP96_0078: ALU.vhd : (97, 10): Unknown identifier "clk".
# Error: COMP96_0348: ALU.vhd : (97, 10): Name on sensitivity list must denote a signal.
# Error: COMP96_0078: ALU.vhd : (99, 18): Unknown identifier "clk".
# Error: COMP96_0133: ALU.vhd : (99, 18): Cannot find object declaration.
# Error: COMP96_0104: ALU.vhd : (99, 18): Undefined type of expression.
# Error: COMP96_0152: ALU.vhd : (99, 18): Formal "s" of class signal must be associated with a signal.
# Error: COMP96_0078: ALU.vhd : (100, 23): Unknown identifier "xsign".
# Compile Entity "aluIO"
# Compile Architecture "alu" of Entity "aluIO"
# Compile failure 10 Errors 0 Warnings  Analysis time :  62.0 [ms]
acom -O3 -e 100 -work ALU -2002  $dsn/src/ALU.vhd
# Warning: DAGGEN_0523: The source is compiled without the -dbg switch. Line breakpoints and assertion debug will not be available.
# File: C:/Users/seene/Desktop/Stony Brook/Fall 2022/ESE 345/Project/Pipelined-SIMD-multimedia-unit-design/Part1/MultimediaALU/ALU/src/ALU.vhd
# Compile Entity "multiplication"
# Compile Architecture "multAlu" of Entity "multiplication"
# Compile Entity "addition"
# Compile Architecture "addAlu" of Entity "addition"
# Compile Entity "subtraction"
# Compile Architecture "subAlu" of Entity "subtraction"
# Error: COMP96_0415: ALU.vhd : (101, 29): Cannot assign to object "output" of mode "in".
# Compile Entity "aluIO"
# Compile Architecture "alu" of Entity "aluIO"
# Compile failure 1 Errors 0 Warnings  Analysis time :  63.0 [ms]
acom -O3 -e 100 -work ALU -2002  $dsn/src/ALU.vhd
# Warning: DAGGEN_0523: The source is compiled without the -dbg switch. Line breakpoints and assertion debug will not be available.
# File: C:/Users/seene/Desktop/Stony Brook/Fall 2022/ESE 345/Project/Pipelined-SIMD-multimedia-unit-design/Part1/MultimediaALU/ALU/src/ALU.vhd
# Compile Entity "multiplication"
# Compile Architecture "multAlu" of Entity "multiplication"
# Compile Entity "addition"
# Compile Architecture "addAlu" of Entity "addition"
# Compile Entity "subtraction"
# Compile Architecture "subAlu" of Entity "subtraction"
# Compile Entity "aluIO"
# Compile Architecture "alu" of Entity "aluIO"
# Compile success 0 Errors 0 Warnings  Analysis time :  78.0 [ms]
acom -O3 -e 100 -work ALU -2002  $dsn/src/ALU.vhd
# Warning: DAGGEN_0523: The source is compiled without the -dbg switch. Line breakpoints and assertion debug will not be available.
# File: C:/Users/seene/Desktop/Stony Brook/Fall 2022/ESE 345/Project/Pipelined-SIMD-multimedia-unit-design/Part1/MultimediaALU/ALU/src/ALU.vhd
# Compile Entity "multiplication"
# Compile Architecture "multAlu" of Entity "multiplication"
# Compile Entity "addition"
# Compile Architecture "addAlu" of Entity "addition"
# Compile Entity "subtraction"
# Compile Architecture "subAlu" of Entity "subtraction"
# Compile Entity "aluIO"
# Compile Architecture "alu" of Entity "aluIO"
# Compile success 0 Errors 0 Warnings  Analysis time :  78.0 [ms]
# ELBREAD: Elaboration process.
# ELBREAD: Elaboration time 0.0 [s].
# Error: Accelerated Waveform: Simulation database is not connected. Initialize simulation or load simulation database by opening waveform file (AWC, ASDB).
# Error: Accelerated Waveform: Simulation database is not connected. Initialize simulation or load simulation database by opening waveform file (AWC, ASDB).
# Error: Accelerated Waveform: Simulation database is not connected. Initialize simulation or load simulation database by opening waveform file (AWC, ASDB).
acom -O3 -e 100 -work ALU -2002  $dsn/src/ALU-tb.vhd
# Warning: DAGGEN_0523: The source is compiled without the -dbg switch. Line breakpoints and assertion debug will not be available.
# File: C:/Users/seene/Desktop/Stony Brook/Fall 2022/ESE 345/Project/Pipelined-SIMD-multimedia-unit-design/Part1/MultimediaALU/ALU/src/ALU-tb.vhd
# Compile Entity "alu_tb"
# Compile Architecture "testbench" of Entity "alu_tb"
# Error: COMP96_0724: ALU-tb.vhd : (20, 3): ',' or ')' expected.
# Error: COMP96_0724: ALU-tb.vhd : (21, 3): ',' or ')' expected.
# Error: COMP96_0724: ALU-tb.vhd : (22, 3): ',' or ')' expected.
# Error: COMP96_0015: ALU-tb.vhd : (34, 1): ';' expected.
# Error: COMP96_0019: ALU-tb.vhd : (34, 14): Keyword 'end' expected.
# Compile failure 5 Errors 0 Warnings  Analysis time :  0.0 [ms]
acom -O3 -e 100 -work ALU -2002  $dsn/src/ALU-tb.vhd
# Warning: DAGGEN_0523: The source is compiled without the -dbg switch. Line breakpoints and assertion debug will not be available.
# File: C:/Users/seene/Desktop/Stony Brook/Fall 2022/ESE 345/Project/Pipelined-SIMD-multimedia-unit-design/Part1/MultimediaALU/ALU/src/ALU-tb.vhd
# Compile Entity "alu_tb"
# Compile Architecture "testbench" of Entity "alu_tb"
# Error: COMP96_0015: ALU-tb.vhd : (34, 1): ';' expected.
# Error: COMP96_0019: ALU-tb.vhd : (34, 14): Keyword 'end' expected.
# Compile failure 2 Errors 0 Warnings  Analysis time :  16.0 [ms]
acom -O3 -e 100 -work ALU -2002  $dsn/src/ALU-tb.vhd
# Warning: DAGGEN_0523: The source is compiled without the -dbg switch. Line breakpoints and assertion debug will not be available.
# File: C:/Users/seene/Desktop/Stony Brook/Fall 2022/ESE 345/Project/Pipelined-SIMD-multimedia-unit-design/Part1/MultimediaALU/ALU/src/ALU-tb.vhd
# Compile Entity "alu_tb"
# Compile Architecture "testbench" of Entity "alu_tb"
# Error: COMP96_0078: ALU-tb.vhd : (18, 13): Unknown identifier "alu".
# Error: COMP96_0056: ALU-tb.vhd : (18, 13): Cannot find referenced entity declaration "alu".
# Error: COMP96_0055: ALU-tb.vhd : (18, 13): Cannot find context item "alu".
# Compile failure 3 Errors 0 Warnings  Analysis time :  0.0 [ms]
acom -O3 -e 100 -work ALU -2002  $dsn/src/ALU.vhd $dsn/src/ALU-tb.vhd
# Warning: DAGGEN_0523: The source is compiled without the -dbg switch. Line breakpoints and assertion debug will not be available.
# File: C:/Users/seene/Desktop/Stony Brook/Fall 2022/ESE 345/Project/Pipelined-SIMD-multimedia-unit-design/Part1/MultimediaALU/ALU/src/ALU.vhd
# Error: COMP96_0010: ALU.vhd : (108, 25): Invalid literal.
# Compile Entity "multiplication"
# Compile Architecture "multAlu" of Entity "multiplication"
# Compile Entity "addition"
# Error: COMP96_0078: ALU.vhd : (47, 37): Unknown identifier "m".
# Error: COMP96_0133: ALU.vhd : (47, 37): Cannot find object declaration.
# Error: COMP96_0094: ALU.vhd : (47, 37): Locally static expression is required in the range definition.
# Error: COMP96_0078: ALU.vhd : (48, 31): Unknown identifier "m".
# Error: COMP96_0133: ALU.vhd : (48, 31): Cannot find object declaration.
# Error: COMP96_0094: ALU.vhd : (48, 31): Locally static expression is required in the range definition.
# Compile Architecture "addAlu" of Entity "addition"
# Compile Entity "subtraction"
# Compile Architecture "subAlu" of Entity "subtraction"
# Error: COMP96_0016: ALU.vhd : (108, 25): Design unit declaration expected.
# Compile Entity "aluIO"
# Error: COMP96_0078: ALU.vhd : (109, 5): Unknown identifier "ieee".
# Error: COMP96_0078: ALU.vhd : (110, 5): Unknown identifier "ieee".
# Error: COMP96_0078: ALU.vhd : (115, 10): Unknown identifier "std_logic".
# Error: COMP96_0064: ALU.vhd : (115, 10): Unknown type.
# Error: COMP96_0078: ALU.vhd : (116, 29): Unknown identifier "std_logic_vector".
# Error: COMP96_0064: ALU.vhd : (116, 29): Unknown type.
# Error: COMP96_0078: ALU.vhd : (118, 14): Unknown identifier "std_logic_vector".
# Error: COMP96_0064: ALU.vhd : (118, 14): Unknown type.
# Compile Architecture "alu" of Entity "aluIO"
# File: C:/Users/seene/Desktop/Stony Brook/Fall 2022/ESE 345/Project/Pipelined-SIMD-multimedia-unit-design/Part1/MultimediaALU/ALU/src/ALU-tb.vhd
# Compile Entity "alu_tb"
# Compile Architecture "testbench" of Entity "alu_tb"
# Error: COMP96_0078: ALU-tb.vhd : (24, 15): Unknown identifier "iR4".
# Error: COMP96_0078: ALU-tb.vhd : (25, 13): Unknown identifier "oReg".
# Compile failure 18 Errors 0 Warnings  Analysis time :  47.0 [ms]
acom -O3 -e 100 -work ALU -2002  $dsn/src/ALU-tb.vhd
# Warning: DAGGEN_0523: The source is compiled without the -dbg switch. Line breakpoints and assertion debug will not be available.
# File: C:/Users/seene/Desktop/Stony Brook/Fall 2022/ESE 345/Project/Pipelined-SIMD-multimedia-unit-design/Part1/MultimediaALU/ALU/src/ALU-tb.vhd
# Compile Entity "alu_tb"
# Compile Architecture "testbench" of Entity "alu_tb"
# Error: COMP96_0122: ALU-tb.vhd : (14, 2): Symbol "iR3" has already been declared in this scope.
# Error: COMP96_0078: ALU-tb.vhd : (23, 3): Unknown identifier "intsReg3".
# Error: COMP96_0078: ALU-tb.vhd : (24, 3): Unknown identifier "intsReg4".
# Error: COMP96_0367: ALU-tb.vhd : (22, 13): Improper array length (25). Expected length is 128.
# Error: COMP96_0133: ALU-tb.vhd : (23, 3): Cannot find object declaration.
# Error: COMP96_0112: ALU-tb.vhd : (23, 3): "intsReg3" does not match the formal name.
# Compile failure 6 Errors 0 Warnings  Analysis time :  0.0 [ms]
acom -O3 -e 100 -work ALU -2002  $dsn/src/ALU-tb.vhd
# Warning: DAGGEN_0523: The source is compiled without the -dbg switch. Line breakpoints and assertion debug will not be available.
# File: C:/Users/seene/Desktop/Stony Brook/Fall 2022/ESE 345/Project/Pipelined-SIMD-multimedia-unit-design/Part1/MultimediaALU/ALU/src/ALU-tb.vhd
# Compile Entity "alu_tb"
# Compile Architecture "testbench" of Entity "alu_tb"
# Error: COMP96_0078: ALU-tb.vhd : (23, 3): Unknown identifier "intsReg3".
# Error: COMP96_0078: ALU-tb.vhd : (24, 3): Unknown identifier "intsReg4".
# Error: COMP96_0133: ALU-tb.vhd : (23, 3): Cannot find object declaration.
# Error: COMP96_0112: ALU-tb.vhd : (23, 3): "intsReg3" does not match the formal name.
# Compile failure 4 Errors 0 Warnings  Analysis time :  16.0 [ms]
acom -O3 -e 100 -work ALU -2002  $dsn/src/ALU-tb.vhd
# Warning: DAGGEN_0523: The source is compiled without the -dbg switch. Line breakpoints and assertion debug will not be available.
# File: C:/Users/seene/Desktop/Stony Brook/Fall 2022/ESE 345/Project/Pipelined-SIMD-multimedia-unit-design/Part1/MultimediaALU/ALU/src/ALU-tb.vhd
# Compile Entity "alu_tb"
# Compile Architecture "testbench" of Entity "alu_tb"
# Error: COMP96_0078: ALU-tb.vhd : (23, 3): Unknown identifier "insReg3".
# Error: COMP96_0078: ALU-tb.vhd : (24, 3): Unknown identifier "insReg4".
# Error: COMP96_0133: ALU-tb.vhd : (23, 3): Cannot find object declaration.
# Error: COMP96_0112: ALU-tb.vhd : (23, 3): "insReg3" does not match the formal name.
# Compile failure 4 Errors 0 Warnings  Analysis time :  15.0 [ms]
acom -O3 -e 100 -work ALU -2002  $dsn/src/ALU-tb.vhd
# Warning: DAGGEN_0523: The source is compiled without the -dbg switch. Line breakpoints and assertion debug will not be available.
# File: C:/Users/seene/Desktop/Stony Brook/Fall 2022/ESE 345/Project/Pipelined-SIMD-multimedia-unit-design/Part1/MultimediaALU/ALU/src/ALU-tb.vhd
# Compile Entity "alu_tb"
# Compile Architecture "testbench" of Entity "alu_tb"
# Error: COMP96_0078: ALU-tb.vhd : (23, 3): Unknown identifier "insReg3".
# Error: COMP96_0078: ALU-tb.vhd : (24, 3): Unknown identifier "insReg4".
# Error: COMP96_0133: ALU-tb.vhd : (23, 3): Cannot find object declaration.
# Error: COMP96_0112: ALU-tb.vhd : (23, 3): "insReg3" does not match the formal name.
# Compile failure 4 Errors 0 Warnings  Analysis time :  0.0 [ms]
acom -O3 -e 100 -work ALU -2002  $dsn/src/ALU.vhd
# Warning: DAGGEN_0523: The source is compiled without the -dbg switch. Line breakpoints and assertion debug will not be available.
# File: C:/Users/seene/Desktop/Stony Brook/Fall 2022/ESE 345/Project/Pipelined-SIMD-multimedia-unit-design/Part1/MultimediaALU/ALU/src/ALU.vhd
# Error: COMP96_0010: ALU.vhd : (115, 25): Invalid literal.
# Compile Entity "multiplication"
# Compile Architecture "multAlu" of Entity "multiplication"
# Compile Entity "addition"
# Error: COMP96_0078: ALU.vhd : (53, 37): Unknown identifier "m".
# Error: COMP96_0133: ALU.vhd : (53, 37): Cannot find object declaration.
# Error: COMP96_0094: ALU.vhd : (53, 37): Locally static expression is required in the range definition.
# Error: COMP96_0078: ALU.vhd : (54, 31): Unknown identifier "m".
# Error: COMP96_0133: ALU.vhd : (54, 31): Cannot find object declaration.
# Error: COMP96_0094: ALU.vhd : (54, 31): Locally static expression is required in the range definition.
# Compile Architecture "addAlu" of Entity "addition"
# Compile Entity "subtraction"
# Compile Architecture "subAlu" of Entity "subtraction"
# Error: COMP96_0016: ALU.vhd : (115, 25): Design unit declaration expected.
# Compile Entity "aluIO"
# Error: COMP96_0078: ALU.vhd : (116, 5): Unknown identifier "ieee".
# Error: COMP96_0078: ALU.vhd : (117, 5): Unknown identifier "ieee".
# Error: COMP96_0078: ALU.vhd : (122, 10): Unknown identifier "std_logic".
# Error: COMP96_0064: ALU.vhd : (122, 10): Unknown type.
# Error: COMP96_0078: ALU.vhd : (123, 29): Unknown identifier "std_logic_vector".
# Error: COMP96_0064: ALU.vhd : (123, 29): Unknown type.
# Error: COMP96_0078: ALU.vhd : (124, 23): Unknown identifier "std_logic_vector".
# Error: COMP96_0064: ALU.vhd : (124, 23): Unknown type.
# Error: COMP96_0078: ALU.vhd : (125, 14): Unknown identifier "std_logic_vector".
# Error: COMP96_0064: ALU.vhd : (125, 14): Unknown type.
# Compile Architecture "alu" of Entity "aluIO"
# Compile failure 18 Errors 0 Warnings  Analysis time :  62.0 [ms]
acom -O3 -e 100 -work ALU -2002  $dsn/src/ALU.vhd
# Warning: DAGGEN_0523: The source is compiled without the -dbg switch. Line breakpoints and assertion debug will not be available.
# File: C:/Users/seene/Desktop/Stony Brook/Fall 2022/ESE 345/Project/Pipelined-SIMD-multimedia-unit-design/Part1/MultimediaALU/ALU/src/ALU.vhd
# Compile Entity "multiplication"
# Compile Architecture "multAlu" of Entity "multiplication"
# Compile Entity "addition"
# Error: COMP96_0078: ALU.vhd : (53, 37): Unknown identifier "m".
# Error: COMP96_0133: ALU.vhd : (53, 37): Cannot find object declaration.
# Error: COMP96_0094: ALU.vhd : (53, 37): Locally static expression is required in the range definition.
# Error: COMP96_0078: ALU.vhd : (54, 31): Unknown identifier "m".
# Error: COMP96_0133: ALU.vhd : (54, 31): Cannot find object declaration.
# Error: COMP96_0094: ALU.vhd : (54, 31): Locally static expression is required in the range definition.
# Compile Architecture "addAlu" of Entity "addition"
# Compile Entity "subtraction"
# Compile Architecture "subAlu" of Entity "subtraction"
# Compile Entity "aluIO"
# Compile Architecture "alu" of Entity "aluIO"
# Compile failure 6 Errors 0 Warnings  Analysis time :  47.0 [ms]
acom -O3 -e 100 -work ALU -2002  $dsn/src/ALU.vhd
# Warning: DAGGEN_0523: The source is compiled without the -dbg switch. Line breakpoints and assertion debug will not be available.
# File: C:/Users/seene/Desktop/Stony Brook/Fall 2022/ESE 345/Project/Pipelined-SIMD-multimedia-unit-design/Part1/MultimediaALU/ALU/src/ALU.vhd
# Compile Entity "multiplication"
# Compile Architecture "multAlu" of Entity "multiplication"
# Compile Entity "addition"
# Compile Architecture "addAlu" of Entity "addition"
# Compile Entity "subtraction"
# Compile Architecture "subAlu" of Entity "subtraction"
# Compile Entity "aluIO"
# Compile Architecture "alu" of Entity "aluIO"
# Compile success 0 Errors 0 Warnings  Analysis time :  78.0 [ms]
acom -O3 -e 100 -work ALU -2002  $dsn/src/ALU-tb.vhd
# Warning: DAGGEN_0523: The source is compiled without the -dbg switch. Line breakpoints and assertion debug will not be available.
# File: C:/Users/seene/Desktop/Stony Brook/Fall 2022/ESE 345/Project/Pipelined-SIMD-multimedia-unit-design/Part1/MultimediaALU/ALU/src/ALU-tb.vhd
# Compile Entity "alu_tb"
# Compile Architecture "testbench" of Entity "alu_tb"
# Error: COMP96_0015: ALU-tb.vhd : (34, 4): ';' expected.
# Error: COMP96_0015: ALU-tb.vhd : (34, 9): ';' expected.
# Error: COMP96_0015: ALU-tb.vhd : (45, 9): ';' expected.
# Error: COMP96_0015: ALU-tb.vhd : (55, 9): ';' expected.
# Compile failure 4 Errors 0 Warnings  Analysis time :  16.0 [ms]
acom -O3 -e 100 -work ALU -2002  $dsn/src/ALU-tb.vhd
# Warning: DAGGEN_0523: The source is compiled without the -dbg switch. Line breakpoints and assertion debug will not be available.
# File: C:/Users/seene/Desktop/Stony Brook/Fall 2022/ESE 345/Project/Pipelined-SIMD-multimedia-unit-design/Part1/MultimediaALU/ALU/src/ALU-tb.vhd
# Compile Entity "alu_tb"
# Compile Architecture "testbench" of Entity "alu_tb"
# Error: COMP96_0015: ALU-tb.vhd : (34, 4): ';' expected.
# Compile failure 1 Errors 0 Warnings  Analysis time :  15.0 [ms]
acom -O3 -e 100 -work ALU -2002  $dsn/src/ALU-tb.vhd
# Warning: DAGGEN_0523: The source is compiled without the -dbg switch. Line breakpoints and assertion debug will not be available.
# File: C:/Users/seene/Desktop/Stony Brook/Fall 2022/ESE 345/Project/Pipelined-SIMD-multimedia-unit-design/Part1/MultimediaALU/ALU/src/ALU-tb.vhd
# Compile Entity "alu_tb"
# Compile Architecture "testbench" of Entity "alu_tb"
# Error: COMP96_0078: ALU-tb.vhd : (22, 3): Unknown identifier "insReg".
# Error: COMP96_0133: ALU-tb.vhd : (22, 3): Cannot find object declaration.
# Error: COMP96_0112: ALU-tb.vhd : (22, 3): "insReg" does not match the formal name.
# Error: COMP96_0207: ALU-tb.vhd : (18, 2): No actual specified for local port "clk".
# Error: COMP96_0207: ALU-tb.vhd : (18, 2): No actual specified for local port "insReg3".
# Error: COMP96_0207: ALU-tb.vhd : (18, 2): No actual specified for local port "insReg4".
# Error: COMP96_0078: ALU-tb.vhd : (29, 4): Unknown identifier "inReg".
# Error: COMP96_0133: ALU-tb.vhd : (29, 4): Cannot find object declaration.
# Error: COMP96_0078: ALU-tb.vhd : (30, 4): Unknown identifier "inReg".
# Error: COMP96_0133: ALU-tb.vhd : (30, 4): Cannot find object declaration.
# Error: COMP96_0078: ALU-tb.vhd : (31, 4): Unknown identifier "inReg".
# Error: COMP96_0133: ALU-tb.vhd : (31, 4): Cannot find object declaration.
# Error: COMP96_0078: ALU-tb.vhd : (32, 4): Unknown identifier "inReg".
# Error: COMP96_0133: ALU-tb.vhd : (32, 4): Cannot find object declaration.
# Error: COMP96_0078: ALU-tb.vhd : (33, 11): Unknown identifier "inReg".
# Error: COMP96_0133: ALU-tb.vhd : (33, 11): Cannot find object declaration.
# Error: COMP96_0077: ALU-tb.vhd : (33, 11): Undefined type of expression. Expected type 'BOOLEAN'.
# Error: COMP96_0078: ALU-tb.vhd : (38, 4): Unknown identifier "inReg".
# Error: COMP96_0133: ALU-tb.vhd : (38, 4): Cannot find object declaration.
# Error: COMP96_0078: ALU-tb.vhd : (39, 4): Unknown identifier "inReg".
# Error: COMP96_0133: ALU-tb.vhd : (39, 4): Cannot find object declaration.
# Error: COMP96_0078: ALU-tb.vhd : (40, 4): Unknown identifier "inReg".
# Error: COMP96_0133: ALU-tb.vhd : (40, 4): Cannot find object declaration.
# Error: COMP96_0078: ALU-tb.vhd : (41, 4): Unknown identifier "inReg".
# Error: COMP96_0133: ALU-tb.vhd : (41, 4): Cannot find object declaration.
# Error: COMP96_0078: ALU-tb.vhd : (42, 4): Unknown identifier "inReg".
# Error: COMP96_0133: ALU-tb.vhd : (42, 4): Cannot find object declaration.
# Error: COMP96_0078: ALU-tb.vhd : (43, 4): Unknown identifier "inReg".
# Error: COMP96_0133: ALU-tb.vhd : (43, 4): Cannot find object declaration.
# Error: COMP96_0078: ALU-tb.vhd : (49, 4): Unknown identifier "inReg".
# Error: COMP96_0133: ALU-tb.vhd : (49, 4): Cannot find object declaration.
# Error: COMP96_0078: ALU-tb.vhd : (50, 4): Unknown identifier "inReg".
# Error: COMP96_0133: ALU-tb.vhd : (50, 4): Cannot find object declaration.
# Error: COMP96_0078: ALU-tb.vhd : (51, 4): Unknown identifier "inReg".
# Error: COMP96_0133: ALU-tb.vhd : (51, 4): Cannot find object declaration.
# Error: COMP96_0078: ALU-tb.vhd : (52, 4): Unknown identifier "inReg".
# Error: COMP96_0133: ALU-tb.vhd : (52, 4): Cannot find object declaration.
# Error: COMP96_0078: ALU-tb.vhd : (53, 4): Unknown identifier "inReg".
# Error: COMP96_0133: ALU-tb.vhd : (53, 4): Cannot find object declaration.
# Compile failure 39 Errors 0 Warnings  Analysis time :  16.0 [ms]
acom -O3 -e 100 -work ALU -2002  $dsn/src/ALU-tb.vhd
# Warning: DAGGEN_0523: The source is compiled without the -dbg switch. Line breakpoints and assertion debug will not be available.
# File: C:/Users/seene/Desktop/Stony Brook/Fall 2022/ESE 345/Project/Pipelined-SIMD-multimedia-unit-design/Part1/MultimediaALU/ALU/src/ALU-tb.vhd
# Compile Entity "alu_tb"
# Compile Architecture "testbench" of Entity "alu_tb"
# Error: COMP96_0019: ALU-tb.vhd : (17, 2): Keyword 'end' expected.
# Error: COMP96_0016: ALU-tb.vhd : (17, 9): Design unit declaration expected.
# Compile failure 2 Errors 0 Warnings  Analysis time :  16.0 [ms]
acom -O3 -e 100 -work ALU -2002  $dsn/src/ALU-tb.vhd
# Warning: DAGGEN_0523: The source is compiled without the -dbg switch. Line breakpoints and assertion debug will not be available.
# File: C:/Users/seene/Desktop/Stony Brook/Fall 2022/ESE 345/Project/Pipelined-SIMD-multimedia-unit-design/Part1/MultimediaALU/ALU/src/ALU-tb.vhd
# Compile Entity "alu_tb"
# Compile Architecture "testbench" of Entity "alu_tb"
# Error: COMP96_0078: ALU-tb.vhd : (21, 11): Unknown identifier "insReg".
# Error: COMP96_0078: ALU-tb.vhd : (28, 4): Unknown identifier "inReg".
# Error: COMP96_0133: ALU-tb.vhd : (28, 4): Cannot find object declaration.
# Error: COMP96_0078: ALU-tb.vhd : (29, 4): Unknown identifier "inReg".
# Error: COMP96_0133: ALU-tb.vhd : (29, 4): Cannot find object declaration.
# Error: COMP96_0078: ALU-tb.vhd : (30, 4): Unknown identifier "inReg".
# Error: COMP96_0133: ALU-tb.vhd : (30, 4): Cannot find object declaration.
# Error: COMP96_0078: ALU-tb.vhd : (31, 4): Unknown identifier "inReg".
# Error: COMP96_0133: ALU-tb.vhd : (31, 4): Cannot find object declaration.
# Error: COMP96_0078: ALU-tb.vhd : (32, 11): Unknown identifier "inReg".
# Error: COMP96_0133: ALU-tb.vhd : (32, 11): Cannot find object declaration.
# Error: COMP96_0077: ALU-tb.vhd : (32, 11): Undefined type of expression. Expected type 'BOOLEAN'.
# Error: COMP96_0078: ALU-tb.vhd : (37, 4): Unknown identifier "inReg".
# Error: COMP96_0133: ALU-tb.vhd : (37, 4): Cannot find object declaration.
# Error: COMP96_0078: ALU-tb.vhd : (38, 4): Unknown identifier "inReg".
# Error: COMP96_0133: ALU-tb.vhd : (38, 4): Cannot find object declaration.
# Error: COMP96_0078: ALU-tb.vhd : (39, 4): Unknown identifier "inReg".
# Error: COMP96_0133: ALU-tb.vhd : (39, 4): Cannot find object declaration.
# Error: COMP96_0078: ALU-tb.vhd : (40, 4): Unknown identifier "inReg".
# Error: COMP96_0133: ALU-tb.vhd : (40, 4): Cannot find object declaration.
# Error: COMP96_0078: ALU-tb.vhd : (41, 4): Unknown identifier "inReg".
# Error: COMP96_0133: ALU-tb.vhd : (41, 4): Cannot find object declaration.
# Error: COMP96_0078: ALU-tb.vhd : (42, 4): Unknown identifier "inReg".
# Error: COMP96_0133: ALU-tb.vhd : (42, 4): Cannot find object declaration.
# Error: COMP96_0078: ALU-tb.vhd : (48, 4): Unknown identifier "inReg".
# Error: COMP96_0133: ALU-tb.vhd : (48, 4): Cannot find object declaration.
# Error: COMP96_0078: ALU-tb.vhd : (49, 4): Unknown identifier "inReg".
# Error: COMP96_0133: ALU-tb.vhd : (49, 4): Cannot find object declaration.
# Error: COMP96_0078: ALU-tb.vhd : (50, 4): Unknown identifier "inReg".
# Error: COMP96_0133: ALU-tb.vhd : (50, 4): Cannot find object declaration.
# Error: COMP96_0078: ALU-tb.vhd : (51, 4): Unknown identifier "inReg".
# Error: COMP96_0133: ALU-tb.vhd : (51, 4): Cannot find object declaration.
# Error: COMP96_0078: ALU-tb.vhd : (52, 4): Unknown identifier "inReg".
# Error: COMP96_0133: ALU-tb.vhd : (52, 4): Cannot find object declaration.
# Compile failure 34 Errors 0 Warnings  Analysis time :  15.0 [ms]
acom -O3 -e 100 -work ALU -2002  $dsn/src/ALU-tb.vhd
# Warning: DAGGEN_0523: The source is compiled without the -dbg switch. Line breakpoints and assertion debug will not be available.
# File: C:/Users/seene/Desktop/Stony Brook/Fall 2022/ESE 345/Project/Pipelined-SIMD-multimedia-unit-design/Part1/MultimediaALU/ALU/src/ALU-tb.vhd
# Compile Entity "alu_tb"
# Compile Architecture "testbench" of Entity "alu_tb"
# Error: COMP96_0078: ALU-tb.vhd : (21, 3): Unknown identifier "insReg".
# Error: COMP96_0133: ALU-tb.vhd : (21, 3): Cannot find object declaration.
# Error: COMP96_0112: ALU-tb.vhd : (21, 3): "insReg" does not match the formal name.
# Error: COMP96_0207: ALU-tb.vhd : (17, 2): No actual specified for local port "clk".
# Error: COMP96_0207: ALU-tb.vhd : (17, 2): No actual specified for local port "insReg3".
# Error: COMP96_0207: ALU-tb.vhd : (17, 2): No actual specified for local port "insReg4".
# Error: COMP96_0078: ALU-tb.vhd : (28, 4): Unknown identifier "inReg".
# Error: COMP96_0133: ALU-tb.vhd : (28, 4): Cannot find object declaration.
# Error: COMP96_0078: ALU-tb.vhd : (29, 4): Unknown identifier "inReg".
# Error: COMP96_0133: ALU-tb.vhd : (29, 4): Cannot find object declaration.
# Error: COMP96_0078: ALU-tb.vhd : (30, 4): Unknown identifier "inReg".
# Error: COMP96_0133: ALU-tb.vhd : (30, 4): Cannot find object declaration.
# Error: COMP96_0078: ALU-tb.vhd : (31, 4): Unknown identifier "inReg".
# Error: COMP96_0133: ALU-tb.vhd : (31, 4): Cannot find object declaration.
# Error: COMP96_0078: ALU-tb.vhd : (32, 11): Unknown identifier "inReg".
# Error: COMP96_0133: ALU-tb.vhd : (32, 11): Cannot find object declaration.
# Error: COMP96_0077: ALU-tb.vhd : (32, 11): Undefined type of expression. Expected type 'BOOLEAN'.
# Error: COMP96_0078: ALU-tb.vhd : (37, 4): Unknown identifier "inReg".
# Error: COMP96_0133: ALU-tb.vhd : (37, 4): Cannot find object declaration.
# Error: COMP96_0078: ALU-tb.vhd : (38, 4): Unknown identifier "inReg".
# Error: COMP96_0133: ALU-tb.vhd : (38, 4): Cannot find object declaration.
# Error: COMP96_0078: ALU-tb.vhd : (39, 4): Unknown identifier "inReg".
# Error: COMP96_0133: ALU-tb.vhd : (39, 4): Cannot find object declaration.
# Error: COMP96_0078: ALU-tb.vhd : (40, 4): Unknown identifier "inReg".
# Error: COMP96_0133: ALU-tb.vhd : (40, 4): Cannot find object declaration.
# Error: COMP96_0078: ALU-tb.vhd : (41, 4): Unknown identifier "inReg".
# Error: COMP96_0133: ALU-tb.vhd : (41, 4): Cannot find object declaration.
# Error: COMP96_0078: ALU-tb.vhd : (42, 4): Unknown identifier "inReg".
# Error: COMP96_0133: ALU-tb.vhd : (42, 4): Cannot find object declaration.
# Error: COMP96_0078: ALU-tb.vhd : (48, 4): Unknown identifier "inReg".
# Error: COMP96_0133: ALU-tb.vhd : (48, 4): Cannot find object declaration.
# Error: COMP96_0078: ALU-tb.vhd : (49, 4): Unknown identifier "inReg".
# Error: COMP96_0133: ALU-tb.vhd : (49, 4): Cannot find object declaration.
# Error: COMP96_0078: ALU-tb.vhd : (50, 4): Unknown identifier "inReg".
# Error: COMP96_0133: ALU-tb.vhd : (50, 4): Cannot find object declaration.
# Error: COMP96_0078: ALU-tb.vhd : (51, 4): Unknown identifier "inReg".
# Error: COMP96_0133: ALU-tb.vhd : (51, 4): Cannot find object declaration.
# Error: COMP96_0078: ALU-tb.vhd : (52, 4): Unknown identifier "inReg".
# Error: COMP96_0133: ALU-tb.vhd : (52, 4): Cannot find object declaration.
# Compile failure 39 Errors 0 Warnings  Analysis time :  16.0 [ms]
acom -O3 -e 100 -work ALU -2002  $dsn/src/ALU.vhd
# Warning: DAGGEN_0523: The source is compiled without the -dbg switch. Line breakpoints and assertion debug will not be available.
# File: C:/Users/seene/Desktop/Stony Brook/Fall 2022/ESE 345/Project/Pipelined-SIMD-multimedia-unit-design/Part1/MultimediaALU/ALU/src/ALU.vhd
# Compile Entity "aluIO"
# Compile Architecture "alu" of Entity "aluIO"
# Error: COMP96_0078: ALU.vhd : (28, 6): Unknown identifier "xsign".
# Error: COMP96_0133: ALU.vhd : (28, 6): Cannot find object declaration.
# Error: COMP96_0077: ALU.vhd : (28, 6): Undefined type of expression. Expected type 'BOOLEAN'.
# Error: COMP96_0078: ALU.vhd : (43, 6): Unknown identifier "xsign".
# Error: COMP96_0133: ALU.vhd : (43, 6): Cannot find object declaration.
# Error: COMP96_0077: ALU.vhd : (43, 6): Undefined type of expression. Expected type 'BOOLEAN'.
# Error: COMP96_0078: ALU.vhd : (57, 6): Unknown identifier "xsign".
# Error: COMP96_0133: ALU.vhd : (57, 6): Cannot find object declaration.
# Error: COMP96_0077: ALU.vhd : (57, 6): Undefined type of expression. Expected type 'BOOLEAN'.
# Error: COMP96_0078: ALU.vhd : (65, 10): Unknown identifier "input1".
# Error: COMP96_0078: ALU.vhd : (65, 17): Unknown identifier "input2".
# Error: COMP96_0348: ALU.vhd : (65, 10): Name on sensitivity list must denote a signal.
# Error: COMP96_0348: ALU.vhd : (65, 17): Name on sensitivity list must denote a signal.
# Error: COMP96_0078: ALU.vhd : (67, 18): Unknown identifier "clk".
# Error: COMP96_0133: ALU.vhd : (67, 18): Cannot find object declaration.
# Error: COMP96_0104: ALU.vhd : (67, 18): Undefined type of expression.
# Error: COMP96_0152: ALU.vhd : (67, 18): Formal "s" of class signal must be associated with a signal.
# Compile failure 17 Errors 0 Warnings  Analysis time :  15.0 [ms]
acom -O3 -e 100 -work ALU -2002  $dsn/src/ALU.vhd
# Warning: DAGGEN_0523: The source is compiled without the -dbg switch. Line breakpoints and assertion debug will not be available.
# File: C:/Users/seene/Desktop/Stony Brook/Fall 2022/ESE 345/Project/Pipelined-SIMD-multimedia-unit-design/Part1/MultimediaALU/ALU/src/ALU.vhd
# Compile Entity "aluIO"
# Compile Architecture "alu" of Entity "aluIO"
# Error: COMP96_0078: ALU.vhd : (65, 10): Unknown identifier "input1".
# Error: COMP96_0078: ALU.vhd : (65, 17): Unknown identifier "input2".
# Error: COMP96_0348: ALU.vhd : (65, 10): Name on sensitivity list must denote a signal.
# Error: COMP96_0348: ALU.vhd : (65, 17): Name on sensitivity list must denote a signal.
# Error: COMP96_0078: ALU.vhd : (67, 18): Unknown identifier "clk".
# Error: COMP96_0133: ALU.vhd : (67, 18): Cannot find object declaration.
# Error: COMP96_0104: ALU.vhd : (67, 18): Undefined type of expression.
# Error: COMP96_0152: ALU.vhd : (67, 18): Formal "s" of class signal must be associated with a signal.
# Compile failure 8 Errors 0 Warnings  Analysis time :  0.0 [ms]
acom -O3 -e 100 -work ALU -2002  $dsn/src/ALU.vhd
# Warning: DAGGEN_0523: The source is compiled without the -dbg switch. Line breakpoints and assertion debug will not be available.
# File: C:/Users/seene/Desktop/Stony Brook/Fall 2022/ESE 345/Project/Pipelined-SIMD-multimedia-unit-design/Part1/MultimediaALU/ALU/src/ALU.vhd
# Compile Entity "aluIO"
# Compile Architecture "alu" of Entity "aluIO"
# Error: COMP96_0078: ALU.vhd : (65, 10): Unknown identifier "input1".
# Error: COMP96_0078: ALU.vhd : (65, 17): Unknown identifier "input2".
# Error: COMP96_0348: ALU.vhd : (65, 10): Name on sensitivity list must denote a signal.
# Error: COMP96_0348: ALU.vhd : (65, 17): Name on sensitivity list must denote a signal.
# Compile failure 4 Errors 0 Warnings  Analysis time :  16.0 [ms]
acom -O3 -e 100 -work ALU -2002  $dsn/src/ALU.vhd
# Warning: DAGGEN_0523: The source is compiled without the -dbg switch. Line breakpoints and assertion debug will not be available.
# File: C:/Users/seene/Desktop/Stony Brook/Fall 2022/ESE 345/Project/Pipelined-SIMD-multimedia-unit-design/Part1/MultimediaALU/ALU/src/ALU.vhd
# Compile Entity "aluIO"
# Compile Architecture "alu" of Entity "aluIO"
# Warning: DAGGEN_0002: ALU.vhd : (65, 0): Process has no effect - no sequential statements.
# Compile success 0 Errors 1 Warnings  Analysis time :  62.0 [ms]
acom -O3 -e 100 -work ALU -2002  $dsn/src/ALU-tb.vhd
# Warning: DAGGEN_0523: The source is compiled without the -dbg switch. Line breakpoints and assertion debug will not be available.
# File: C:/Users/seene/Desktop/Stony Brook/Fall 2022/ESE 345/Project/Pipelined-SIMD-multimedia-unit-design/Part1/MultimediaALU/ALU/src/ALU-tb.vhd
# Compile Entity "alu_tb"
# Compile Architecture "testbench" of Entity "alu_tb"
# Error: COMP96_0078: ALU-tb.vhd : (29, 4): Unknown identifier "inReg".
# Error: COMP96_0133: ALU-tb.vhd : (29, 4): Cannot find object declaration.
# Error: COMP96_0078: ALU-tb.vhd : (30, 4): Unknown identifier "inReg".
# Error: COMP96_0133: ALU-tb.vhd : (30, 4): Cannot find object declaration.
# Error: COMP96_0078: ALU-tb.vhd : (31, 4): Unknown identifier "inReg".
# Error: COMP96_0133: ALU-tb.vhd : (31, 4): Cannot find object declaration.
# Error: COMP96_0078: ALU-tb.vhd : (32, 4): Unknown identifier "inReg".
# Error: COMP96_0133: ALU-tb.vhd : (32, 4): Cannot find object declaration.
# Error: COMP96_0078: ALU-tb.vhd : (33, 11): Unknown identifier "inReg".
# Error: COMP96_0133: ALU-tb.vhd : (33, 11): Cannot find object declaration.
# Error: COMP96_0077: ALU-tb.vhd : (33, 11): Undefined type of expression. Expected type 'BOOLEAN'.
# Error: COMP96_0078: ALU-tb.vhd : (38, 4): Unknown identifier "inReg".
# Error: COMP96_0133: ALU-tb.vhd : (38, 4): Cannot find object declaration.
# Error: COMP96_0078: ALU-tb.vhd : (39, 4): Unknown identifier "inReg".
# Error: COMP96_0133: ALU-tb.vhd : (39, 4): Cannot find object declaration.
# Error: COMP96_0078: ALU-tb.vhd : (40, 4): Unknown identifier "inReg".
# Error: COMP96_0133: ALU-tb.vhd : (40, 4): Cannot find object declaration.
# Error: COMP96_0078: ALU-tb.vhd : (41, 4): Unknown identifier "inReg".
# Error: COMP96_0133: ALU-tb.vhd : (41, 4): Cannot find object declaration.
# Error: COMP96_0078: ALU-tb.vhd : (42, 4): Unknown identifier "inReg".
# Error: COMP96_0133: ALU-tb.vhd : (42, 4): Cannot find object declaration.
# Error: COMP96_0078: ALU-tb.vhd : (43, 4): Unknown identifier "inReg".
# Error: COMP96_0133: ALU-tb.vhd : (43, 4): Cannot find object declaration.
# Error: COMP96_0078: ALU-tb.vhd : (49, 4): Unknown identifier "inReg".
# Error: COMP96_0133: ALU-tb.vhd : (49, 4): Cannot find object declaration.
# Error: COMP96_0078: ALU-tb.vhd : (50, 4): Unknown identifier "inReg".
# Error: COMP96_0133: ALU-tb.vhd : (50, 4): Cannot find object declaration.
# Error: COMP96_0078: ALU-tb.vhd : (51, 4): Unknown identifier "inReg".
# Error: COMP96_0133: ALU-tb.vhd : (51, 4): Cannot find object declaration.
# Error: COMP96_0078: ALU-tb.vhd : (52, 4): Unknown identifier "inReg".
# Error: COMP96_0133: ALU-tb.vhd : (52, 4): Cannot find object declaration.
# Error: COMP96_0078: ALU-tb.vhd : (53, 4): Unknown identifier "inReg".
# Error: COMP96_0133: ALU-tb.vhd : (53, 4): Cannot find object declaration.
# Compile failure 33 Errors 0 Warnings  Analysis time :  16.0 [ms]
acom -O3 -e 100 -work ALU -2002  $dsn/src/ALU-tb.vhd
# Warning: DAGGEN_0523: The source is compiled without the -dbg switch. Line breakpoints and assertion debug will not be available.
# File: C:/Users/seene/Desktop/Stony Brook/Fall 2022/ESE 345/Project/Pipelined-SIMD-multimedia-unit-design/Part1/MultimediaALU/ALU/src/ALU-tb.vhd
# Compile Entity "alu_tb"
# Compile Architecture "testbench" of Entity "alu_tb"
# Error: COMP96_0078: ALU-tb.vhd : (29, 4): Unknown identifier "insReg".
# Error: COMP96_0133: ALU-tb.vhd : (29, 4): Cannot find object declaration.
# Error: COMP96_0078: ALU-tb.vhd : (30, 4): Unknown identifier "insReg".
# Error: COMP96_0133: ALU-tb.vhd : (30, 4): Cannot find object declaration.
# Error: COMP96_0078: ALU-tb.vhd : (31, 4): Unknown identifier "insReg".
# Error: COMP96_0133: ALU-tb.vhd : (31, 4): Cannot find object declaration.
# Error: COMP96_0078: ALU-tb.vhd : (32, 4): Unknown identifier "insReg".
# Error: COMP96_0133: ALU-tb.vhd : (32, 4): Cannot find object declaration.
# Error: COMP96_0078: ALU-tb.vhd : (33, 11): Unknown identifier "inReg".
# Error: COMP96_0133: ALU-tb.vhd : (33, 11): Cannot find object declaration.
# Error: COMP96_0077: ALU-tb.vhd : (33, 11): Undefined type of expression. Expected type 'BOOLEAN'.
# Error: COMP96_0078: ALU-tb.vhd : (38, 4): Unknown identifier "insReg".
# Error: COMP96_0133: ALU-tb.vhd : (38, 4): Cannot find object declaration.
# Error: COMP96_0078: ALU-tb.vhd : (39, 4): Unknown identifier "insReg".
# Error: COMP96_0133: ALU-tb.vhd : (39, 4): Cannot find object declaration.
# Error: COMP96_0078: ALU-tb.vhd : (40, 4): Unknown identifier "insReg".
# Error: COMP96_0133: ALU-tb.vhd : (40, 4): Cannot find object declaration.
# Error: COMP96_0078: ALU-tb.vhd : (41, 4): Unknown identifier "insReg".
# Error: COMP96_0133: ALU-tb.vhd : (41, 4): Cannot find object declaration.
# Error: COMP96_0078: ALU-tb.vhd : (42, 4): Unknown identifier "insReg".
# Error: COMP96_0133: ALU-tb.vhd : (42, 4): Cannot find object declaration.
# Error: COMP96_0078: ALU-tb.vhd : (43, 4): Unknown identifier "insReg".
# Error: COMP96_0133: ALU-tb.vhd : (43, 4): Cannot find object declaration.
# Error: COMP96_0078: ALU-tb.vhd : (49, 4): Unknown identifier "insReg".
# Error: COMP96_0133: ALU-tb.vhd : (49, 4): Cannot find object declaration.
# Error: COMP96_0078: ALU-tb.vhd : (50, 4): Unknown identifier "insReg".
# Error: COMP96_0133: ALU-tb.vhd : (50, 4): Cannot find object declaration.
# Error: COMP96_0078: ALU-tb.vhd : (51, 4): Unknown identifier "insReg".
# Error: COMP96_0133: ALU-tb.vhd : (51, 4): Cannot find object declaration.
# Error: COMP96_0078: ALU-tb.vhd : (52, 4): Unknown identifier "insReg".
# Error: COMP96_0133: ALU-tb.vhd : (52, 4): Cannot find object declaration.
# Error: COMP96_0078: ALU-tb.vhd : (53, 4): Unknown identifier "insReg".
# Error: COMP96_0133: ALU-tb.vhd : (53, 4): Cannot find object declaration.
# Compile failure 33 Errors 0 Warnings  Analysis time :  16.0 [ms]
acom -O3 -e 100 -work ALU -2002  $dsn/src/ALU-tb.vhd
# Warning: DAGGEN_0523: The source is compiled without the -dbg switch. Line breakpoints and assertion debug will not be available.
# File: C:/Users/seene/Desktop/Stony Brook/Fall 2022/ESE 345/Project/Pipelined-SIMD-multimedia-unit-design/Part1/MultimediaALU/ALU/src/ALU-tb.vhd
# Compile Entity "alu_tb"
# Compile Architecture "testbench" of Entity "alu_tb"
# Warning: COMP96_0367: ALU-tb.vhd : (31, 25): Improper array length (15). Expected length is 16.
# Warning: COMP96_0367: ALU-tb.vhd : (32, 24): Improper array length (3). Expected length is 6.
# Warning: COMP96_0367: ALU-tb.vhd : (39, 27): Improper array length (2). Expected length is 3.
# Warning: COMP96_0367: ALU-tb.vhd : (40, 26): Improper array length (3). Expected length is 5.
# Warning: COMP96_0367: ALU-tb.vhd : (41, 26): Improper array length (3). Expected length is 5.
# Warning: COMP96_0367: ALU-tb.vhd : (42, 24): Improper array length (3). Expected length is 5.
# Warning: COMP96_0367: ALU-tb.vhd : (43, 24): Improper array length (3). Expected length is 6.
# Warning: COMP96_0367: ALU-tb.vhd : (50, 27): Improper array length (7). Expected length is 8.
# Warning: COMP96_0367: ALU-tb.vhd : (51, 26): Improper array length (3). Expected length is 5.
# Warning: COMP96_0367: ALU-tb.vhd : (52, 24): Improper array length (3). Expected length is 5.
# Warning: COMP96_0367: ALU-tb.vhd : (53, 24): Improper array length (3). Expected length is 5.
# Compile success 0 Errors 11 Warnings  Analysis time :  47.0 [ms]
acom -O3 -e 100 -work ALU -2002  $dsn/src/ALU-tb.vhd
# Warning: DAGGEN_0523: The source is compiled without the -dbg switch. Line breakpoints and assertion debug will not be available.
# File: C:/Users/seene/Desktop/Stony Brook/Fall 2022/ESE 345/Project/Pipelined-SIMD-multimedia-unit-design/Part1/MultimediaALU/ALU/src/ALU-tb.vhd
# Compile Entity "alu_tb"
# Compile Architecture "testbench" of Entity "alu_tb"
# Compile success 0 Errors 0 Warnings  Analysis time :  32.0 [ms]
acom -O3 -e 100 -work ALU -2002  $dsn/src/ALU.vhd $dsn/src/ALU-tb.vhd
# Warning: DAGGEN_0523: The source is compiled without the -dbg switch. Line breakpoints and assertion debug will not be available.
# File: C:/Users/seene/Desktop/Stony Brook/Fall 2022/ESE 345/Project/Pipelined-SIMD-multimedia-unit-design/Part1/MultimediaALU/ALU/src/ALU.vhd
# Compile Entity "aluIO"
# Compile Architecture "alu" of Entity "aluIO"
# Warning: DAGGEN_0002: ALU.vhd : (65, 0): Process has no effect - no sequential statements.
# File: C:/Users/seene/Desktop/Stony Brook/Fall 2022/ESE 345/Project/Pipelined-SIMD-multimedia-unit-design/Part1/MultimediaALU/ALU/src/ALU-tb.vhd
# Compile Entity "alu_tb"
# Compile Architecture "testbench" of Entity "alu_tb"
# Compile success 0 Errors 1 Warnings  Analysis time :  62.0 [ms]
acom -O3 -e 100 -work ALU -2002  $dsn/src/ALU.vhd $dsn/src/ALU-tb.vhd
# Warning: DAGGEN_0523: The source is compiled without the -dbg switch. Line breakpoints and assertion debug will not be available.
# File: C:/Users/seene/Desktop/Stony Brook/Fall 2022/ESE 345/Project/Pipelined-SIMD-multimedia-unit-design/Part1/MultimediaALU/ALU/src/ALU.vhd
# Compile Entity "aluIO"
# Compile Architecture "alu" of Entity "aluIO"
# File: C:/Users/seene/Desktop/Stony Brook/Fall 2022/ESE 345/Project/Pipelined-SIMD-multimedia-unit-design/Part1/MultimediaALU/ALU/src/ALU-tb.vhd
# Compile Entity "alu_tb"
# Compile Architecture "testbench" of Entity "alu_tb"
# Compile success 0 Errors 0 Warnings  Analysis time :  63.0 [ms]
# ELBREAD: Elaboration process.
# ELBREAD: Elaboration time 0.0 [s].
# Error: Accelerated Waveform: Simulation database is not connected. Initialize simulation or load simulation database by opening waveform file (AWC, ASDB).
asim -O5 +access +r +m+aluIO aluIO alu
# ELBREAD: Elaboration process.
# ELBREAD: Elaboration time 0.0 [s].
# VSIM: Stack memory: 32MB
# VSIM: Retval memory: 32MB
# 
# KERNEL: Main thread initiated.
# KERNEL: Kernel process initialization phase.
# ELAB2: Elaboration final pass...
# ELAB2: Create instances ...
# KERNEL: Time resolution set to 1ps.
# ELAB2: Create instances complete.
# SLP: Started
# SLP: Elaboration phase ...
# SLP: Elaboration phase ... skipped, nothing to simulate in SLP mode : 0.0 [s]
# SLP: Finished : 0.0 [s]
# ELAB2: Elaboration final pass complete - time: 0.0 [s].
# KERNEL: Warning: You are using the Active-HDL Student Edition. The performance of simulation is running at a reduced rate.
# KERNEL: Warning: Contact Aldec for available upgrade options - sales@aldec.com.
# KERNEL: Kernel process initialization done.
# Allocation: Simulator allocated 5570 kB (elbread=427 elab2=5004 kernel=138 sdf=0)
# KERNEL: ASDB file was created in location C:\Users\seene\Desktop\Stony Brook\Fall 2022\ESE 345\Project\Pipelined-SIMD-multimedia-unit-design\Part1\MultimediaALU\ALU\src\wave.asdb
# Stimuli: Warning: The stimuli set "StimuliSet1" has been made inactive.
#  7:49 AM, Friday, October 28, 2022
#  Simulation has been initialized
run
# KERNEL: Simulation has finished. There are no more test vectors to simulate.
# VSIM: 5 object(s) traced.
# Waveform file 'untitled.awc' connected to 'C:/Users/seene/Desktop/Stony Brook/Fall 2022/ESE 345/Project/Pipelined-SIMD-multimedia-unit-design/Part1/MultimediaALU/ALU/src/wave.asdb'.
run
# KERNEL: Simulation has finished. There are no more test vectors to simulate.
run 100 ns
# KERNEL: stopped at time: 100 ns
# KERNEL: Simulation has finished. There are no more test vectors to simulate.
acom -O3 -e 100 -work ALU -2002  $dsn/src/ALU.vhd $dsn/src/ALU-tb.vhd
# Warning: DAGGEN_0523: The source is compiled without the -dbg switch. Line breakpoints and assertion debug will not be available.
# File: C:/Users/seene/Desktop/Stony Brook/Fall 2022/ESE 345/Project/Pipelined-SIMD-multimedia-unit-design/Part1/MultimediaALU/ALU/src/ALU.vhd
# Compile Entity "aluIO"
# Compile Architecture "alu" of Entity "aluIO"
# File: C:/Users/seene/Desktop/Stony Brook/Fall 2022/ESE 345/Project/Pipelined-SIMD-multimedia-unit-design/Part1/MultimediaALU/ALU/src/ALU-tb.vhd
# Compile Entity "alu_tb"
# Compile Architecture "testbench" of Entity "alu_tb"
# Error: COMP96_0019: ALU-tb.vhd : (17, 2): Keyword 'begin' expected.
# Error: COMP96_0016: ALU-tb.vhd : (17, 6): Design unit declaration expected.
# Compile Entity "aluIO"
# Error: COMP96_0019: ALU-tb.vhd : (19, 19): Keyword 'is' expected.
# Error: COMP96_0015: ALU-tb.vhd : (19, 24): '(' expected.
# Error: COMP96_0028: ALU-tb.vhd : (19, 24): Identifier or keyword expected.
# Error: COMP96_0015: ALU-tb.vhd : (19, 24): ';' expected.
# Error: COMP96_0019: ALU-tb.vhd : (19, 27): Keyword 'end' expected.
# Error: COMP96_0015: ALU-tb.vhd : (19, 27): ';' expected.
# Error: COMP96_0016: ALU-tb.vhd : (20, 3): Design unit declaration expected.
# Compile failure 9 Errors 0 Warnings  Analysis time :  47.0 [ms]
acom -O3 -e 100 -work ALU -2002  $dsn/src/ALU-tb.vhd
# Warning: DAGGEN_0523: The source is compiled without the -dbg switch. Line breakpoints and assertion debug will not be available.
# File: C:/Users/seene/Desktop/Stony Brook/Fall 2022/ESE 345/Project/Pipelined-SIMD-multimedia-unit-design/Part1/MultimediaALU/ALU/src/ALU-tb.vhd
# Compile Entity "alu_tb"
# Compile Architecture "testbench" of Entity "alu_tb"
# Error: COMP96_0019: ALU-tb.vhd : (17, 2): Keyword 'begin' expected.
# Error: COMP96_0016: ALU-tb.vhd : (17, 6): Design unit declaration expected.
# Compile Entity "aluIO"
# Error: COMP96_0019: ALU-tb.vhd : (19, 19): Keyword 'is' expected.
# Error: COMP96_0015: ALU-tb.vhd : (19, 24): '(' expected.
# Error: COMP96_0028: ALU-tb.vhd : (19, 24): Identifier or keyword expected.
# Error: COMP96_0015: ALU-tb.vhd : (19, 24): ';' expected.
# Error: COMP96_0019: ALU-tb.vhd : (19, 27): Keyword 'end' expected.
# Error: COMP96_0015: ALU-tb.vhd : (19, 27): ';' expected.
# Error: COMP96_0016: ALU-tb.vhd : (20, 3): Design unit declaration expected.
# Compile failure 9 Errors 0 Warnings  Analysis time :  16.0 [ms]
acom -O3 -e 100 -work ALU -2002  $dsn/src/ALU-tb.vhd
# Warning: DAGGEN_0523: The source is compiled without the -dbg switch. Line breakpoints and assertion debug will not be available.
# File: C:/Users/seene/Desktop/Stony Brook/Fall 2022/ESE 345/Project/Pipelined-SIMD-multimedia-unit-design/Part1/MultimediaALU/ALU/src/ALU-tb.vhd
# Compile Entity "alu_tb"
# Compile Architecture "testbench" of Entity "alu_tb"
# Compile success 0 Errors 0 Warnings  Analysis time :  47.0 [ms]
restart
# ELBREAD: Elaboration process.
# ELBREAD: Elaboration time 0.0 [s].
# 
# KERNEL: Main thread initiated.
# KERNEL: Kernel process initialization phase.
# ELAB2: Elaboration final pass...
# ELAB2: Create instances ...
# KERNEL: Time resolution set to 1ps.
# ELAB2: Create instances complete.
# SLP: Started
# SLP: Elaboration phase ...
# SLP: Elaboration phase ... skipped, nothing to simulate in SLP mode : 0.0 [s]
# SLP: Finished : 0.0 [s]
# ELAB2: Elaboration final pass complete - time: 0.0 [s].
# KERNEL: Warning: You are using the Active-HDL Student Edition. The performance of simulation is running at a reduced rate.
# KERNEL: Warning: Contact Aldec for available upgrade options - sales@aldec.com.
# KERNEL: Kernel process initialization done.
# Allocation: Simulator allocated 5570 kB (elbread=427 elab2=5004 kernel=138 sdf=0)
# KERNEL: ASDB file was created in location C:\Users\seene\Desktop\Stony Brook\Fall 2022\ESE 345\Project\Pipelined-SIMD-multimedia-unit-design\Part1\MultimediaALU\ALU\src\wave.asdb
#  7:54 AM, Friday, October 28, 2022
#  Simulation has been initialized
# Waveform file 'untitled.awc' connected to 'C:/Users/seene/Desktop/Stony Brook/Fall 2022/ESE 345/Project/Pipelined-SIMD-multimedia-unit-design/Part1/MultimediaALU/ALU/src/wave.asdb'.
run 100 ns
# KERNEL: stopped at time: 100 ns
# KERNEL: Simulation has finished. There are no more test vectors to simulate.
restart
# ELBREAD: Elaboration process.
# ELBREAD: Elaboration time 0.0 [s].
# 
# KERNEL: Main thread initiated.
# KERNEL: Kernel process initialization phase.
# ELAB2: Elaboration final pass...
# ELAB2: Create instances ...
# KERNEL: Time resolution set to 1ps.
# ELAB2: Create instances complete.
# SLP: Started
# SLP: Elaboration phase ...
# SLP: Elaboration phase ... skipped, nothing to simulate in SLP mode : 0.0 [s]
# SLP: Finished : 0.0 [s]
# ELAB2: Elaboration final pass complete - time: 0.0 [s].
# KERNEL: Warning: You are using the Active-HDL Student Edition. The performance of simulation is running at a reduced rate.
# KERNEL: Warning: Contact Aldec for available upgrade options - sales@aldec.com.
# KERNEL: Kernel process initialization done.
# Allocation: Simulator allocated 5570 kB (elbread=427 elab2=5004 kernel=138 sdf=0)
# KERNEL: ASDB file was created in location C:\Users\seene\Desktop\Stony Brook\Fall 2022\ESE 345\Project\Pipelined-SIMD-multimedia-unit-design\Part1\MultimediaALU\ALU\src\wave.asdb
#  7:54 AM, Friday, October 28, 2022
#  Simulation has been initialized
# Waveform file 'untitled.awc' connected to 'C:/Users/seene/Desktop/Stony Brook/Fall 2022/ESE 345/Project/Pipelined-SIMD-multimedia-unit-design/Part1/MultimediaALU/ALU/src/wave.asdb'.
run
# KERNEL: Simulation has finished. There are no more test vectors to simulate.
run
# KERNEL: Simulation has finished. There are no more test vectors to simulate.
# ELBREAD: Elaboration process.
# ELBREAD: Elaboration time 0.0 [s].
asim -O5 +access +r +m+alu_tb alu_tb testbench
# ELBREAD: Elaboration process.
# ELBREAD: Elaboration time 0.0 [s].
# VSIM: Stack memory: 32MB
# VSIM: Retval memory: 32MB
# 
acom -O3 -e 100 -work ALU -2002  $dsn/src/ALU-tb.vhd
# Warning: DAGGEN_0523: The source is compiled without the -dbg switch. Line breakpoints and assertion debug will not be available.
# File: C:/Users/seene/Desktop/Stony Brook/Fall 2022/ESE 345/Project/Pipelined-SIMD-multimedia-unit-design/Part1/MultimediaALU/ALU/src/ALU-tb.vhd
# Compile Entity "alu_tb"
# Compile Architecture "testbench" of Entity "alu_tb"
# Compile success 0 Errors 0 Warnings  Analysis time :  31.0 [ms]
# ELBREAD: Elaboration process.
# ELBREAD: Elaboration time 0.0 [s].
# KERNEL: Main thread initiated.
# KERNEL: Kernel process initialization phase.
# ELAB2: Elaboration final pass...
# ELAB2: Create instances ...
# KERNEL: Time resolution set to 1ps.
# ELAB2: Create instances complete.
# SLP: Started
# SLP: Elaboration phase ...
# SLP: Elaboration phase ... skipped, nothing to simulate in SLP mode : 0.0 [s]
# SLP: Finished : 0.0 [s]
# ELAB2: Elaboration final pass complete - time: 0.0 [s].
# KERNEL: Warning: You are using the Active-HDL Student Edition. The performance of simulation is running at a reduced rate.
# KERNEL: Warning: Contact Aldec for available upgrade options - sales@aldec.com.
# KERNEL: Kernel process initialization done.
# Allocation: Simulator allocated 5574 kB (elbread=427 elab2=5007 kernel=139 sdf=0)
# KERNEL: ASDB file was created in location C:\Users\seene\Desktop\Stony Brook\Fall 2022\ESE 345\Project\Pipelined-SIMD-multimedia-unit-design\Part1\MultimediaALU\ALU\src\wave.asdb
#  7:55 AM, Friday, October 28, 2022
#  Simulation has been initialized
# VSIM: 5 object(s) traced.
# Waveform file 'untitled.awc' connected to 'C:/Users/seene/Desktop/Stony Brook/Fall 2022/ESE 345/Project/Pipelined-SIMD-multimedia-unit-design/Part1/MultimediaALU/ALU/src/wave.asdb'.
run
# EXECUTION:: ERROR  : Load failed
# EXECUTION:: Time: 0 ps,  Iteration: 0,  Instance: /alu_tb,  Process: line__25.
# RUNTIME: Fatal Error: RUNTIME_0047 ALU-tb.vhd (32): Index 32 out of range (24 downto 0).
# KERNEL: Time: 10 ns,  Iteration: 0,  Instance: /alu_tb,  Process: line__25.
# KERNEL: Stopped at time 10 ns + 0.
# VSIM: Error: Fatal error occurred during simulation.
run 101 ns
run
restart
# ELBREAD: Elaboration process.
# ELBREAD: Elaboration time 0.0 [s].
# 
# KERNEL: Main thread initiated.
# KERNEL: Kernel process initialization phase.
# ELAB2: Elaboration final pass...
# ELAB2: Create instances ...
# KERNEL: Time resolution set to 1ps.
# ELAB2: Create instances complete.
# SLP: Started
# SLP: Elaboration phase ...
# SLP: Elaboration phase ... skipped, nothing to simulate in SLP mode : 0.0 [s]
# SLP: Finished : 0.0 [s]
# ELAB2: Elaboration final pass complete - time: 0.0 [s].
# KERNEL: Warning: You are using the Active-HDL Student Edition. The performance of simulation is running at a reduced rate.
# KERNEL: Warning: Contact Aldec for available upgrade options - sales@aldec.com.
# KERNEL: Kernel process initialization done.
# Allocation: Simulator allocated 5574 kB (elbread=427 elab2=5007 kernel=139 sdf=0)
# KERNEL: ASDB file was created in location C:\Users\seene\Desktop\Stony Brook\Fall 2022\ESE 345\Project\Pipelined-SIMD-multimedia-unit-design\Part1\MultimediaALU\ALU\src\wave.asdb
#  7:56 AM, Friday, October 28, 2022
#  Simulation has been initialized
# Waveform file 'untitled.awc' connected to 'C:/Users/seene/Desktop/Stony Brook/Fall 2022/ESE 345/Project/Pipelined-SIMD-multimedia-unit-design/Part1/MultimediaALU/ALU/src/wave.asdb'.
run 10 ns
# EXECUTION:: ERROR  : Load failed
# EXECUTION:: Time: 0 ps,  Iteration: 0,  Instance: /alu_tb,  Process: line__25.
# RUNTIME: Fatal Error: RUNTIME_0047 ALU-tb.vhd (32): Index 32 out of range (24 downto 0).
# KERNEL: Time: 10 ns,  Iteration: 0,  Instance: /alu_tb,  Process: line__25.
# KERNEL: stopped at time: 10 ns
# VSIM: Error: Fatal error occurred during simulation.
acom -O3 -e 100 -work ALU -2002  $dsn/src/ALU-tb.vhd
# Warning: DAGGEN_0523: The source is compiled without the -dbg switch. Line breakpoints and assertion debug will not be available.
# File: C:/Users/seene/Desktop/Stony Brook/Fall 2022/ESE 345/Project/Pipelined-SIMD-multimedia-unit-design/Part1/MultimediaALU/ALU/src/ALU-tb.vhd
# Compile Entity "alu_tb"
# Compile Architecture "testbench" of Entity "alu_tb"
# Compile success 0 Errors 0 Warnings  Analysis time :  32.0 [ms]
restart
# ELBREAD: Elaboration process.
# ELBREAD: Elaboration time 0.0 [s].
# 
# KERNEL: Main thread initiated.
# KERNEL: Kernel process initialization phase.
# ELAB2: Elaboration final pass...
# ELAB2: Create instances ...
# KERNEL: Time resolution set to 1ps.
# ELAB2: Create instances complete.
# SLP: Started
# SLP: Elaboration phase ...
# SLP: Elaboration phase ... skipped, nothing to simulate in SLP mode : 0.0 [s]
# SLP: Finished : 0.0 [s]
# ELAB2: Elaboration final pass complete - time: 0.0 [s].
# KERNEL: Warning: You are using the Active-HDL Student Edition. The performance of simulation is running at a reduced rate.
# KERNEL: Warning: Contact Aldec for available upgrade options - sales@aldec.com.
# KERNEL: Kernel process initialization done.
# Allocation: Simulator allocated 5574 kB (elbread=427 elab2=5007 kernel=139 sdf=0)
# KERNEL: ASDB file was created in location C:\Users\seene\Desktop\Stony Brook\Fall 2022\ESE 345\Project\Pipelined-SIMD-multimedia-unit-design\Part1\MultimediaALU\ALU\src\wave.asdb
#  7:58 AM, Friday, October 28, 2022
#  Simulation has been initialized
# Waveform file 'untitled.awc' connected to 'C:/Users/seene/Desktop/Stony Brook/Fall 2022/ESE 345/Project/Pipelined-SIMD-multimedia-unit-design/Part1/MultimediaALU/ALU/src/wave.asdb'.
run @10ns
# EXECUTION:: ERROR  : Load failed
# EXECUTION:: Time: 0 ps,  Iteration: 0,  Instance: /alu_tb,  Process: line__25.
# RUNTIME: Fatal Error: RUNTIME_0047 ALU-tb.vhd (32): Index 31 out of range (24 downto 0).
# KERNEL: Time: 10 ns,  Iteration: 0,  Instance: /alu_tb,  Process: line__25.
# KERNEL: stopped at time: 10 ns
# VSIM: Error: Fatal error occurred during simulation.
acom -O3 -e 100 -work ALU -2002  $dsn/src/ALU-tb.vhd
# Warning: DAGGEN_0523: The source is compiled without the -dbg switch. Line breakpoints and assertion debug will not be available.
# File: C:/Users/seene/Desktop/Stony Brook/Fall 2022/ESE 345/Project/Pipelined-SIMD-multimedia-unit-design/Part1/MultimediaALU/ALU/src/ALU-tb.vhd
# Compile Entity "alu_tb"
# Compile Architecture "testbench" of Entity "alu_tb"
# Compile success 0 Errors 0 Warnings  Analysis time :  31.0 [ms]
restart
# ELBREAD: Elaboration process.
# ELBREAD: Elaboration time 0.0 [s].
# 
# KERNEL: Main thread initiated.
# KERNEL: Kernel process initialization phase.
# ELAB2: Elaboration final pass...
# ELAB2: Create instances ...
# KERNEL: Time resolution set to 1ps.
# ELAB2: Create instances complete.
# SLP: Started
# SLP: Elaboration phase ...
# SLP: Elaboration phase ... skipped, nothing to simulate in SLP mode : 0.0 [s]
# SLP: Finished : 0.0 [s]
# ELAB2: Elaboration final pass complete - time: 0.0 [s].
# KERNEL: Warning: You are using the Active-HDL Student Edition. The performance of simulation is running at a reduced rate.
# KERNEL: Warning: Contact Aldec for available upgrade options - sales@aldec.com.
# KERNEL: Kernel process initialization done.
# Allocation: Simulator allocated 5574 kB (elbread=427 elab2=5007 kernel=139 sdf=0)
# KERNEL: ASDB file was created in location C:\Users\seene\Desktop\Stony Brook\Fall 2022\ESE 345\Project\Pipelined-SIMD-multimedia-unit-design\Part1\MultimediaALU\ALU\src\wave.asdb
#  7:58 AM, Friday, October 28, 2022
#  Simulation has been initialized
# Waveform file 'untitled.awc' connected to 'C:/Users/seene/Desktop/Stony Brook/Fall 2022/ESE 345/Project/Pipelined-SIMD-multimedia-unit-design/Part1/MultimediaALU/ALU/src/wave.asdb'.
run @10ns
# EXECUTION:: FAILURE: Load failed
# EXECUTION:: Time: 0 ps,  Iteration: 0,  Instance: /alu_tb,  Process: line__25.
# KERNEL: Stopped at time 0 ps + 0.
restart
# ELBREAD: Elaboration process.
# ELBREAD: Elaboration time 0.0 [s].
# 
# KERNEL: Main thread initiated.
# KERNEL: Kernel process initialization phase.
# ELAB2: Elaboration final pass...
# ELAB2: Create instances ...
# KERNEL: Time resolution set to 1ps.
# ELAB2: Create instances complete.
# SLP: Started
# SLP: Elaboration phase ...
# SLP: Elaboration phase ... skipped, nothing to simulate in SLP mode : 0.0 [s]
# SLP: Finished : 0.0 [s]
# ELAB2: Elaboration final pass complete - time: 0.0 [s].
# KERNEL: Warning: You are using the Active-HDL Student Edition. The performance of simulation is running at a reduced rate.
# KERNEL: Warning: Contact Aldec for available upgrade options - sales@aldec.com.
# KERNEL: Kernel process initialization done.
# Allocation: Simulator allocated 5574 kB (elbread=427 elab2=5007 kernel=139 sdf=0)
# KERNEL: ASDB file was created in location C:\Users\seene\Desktop\Stony Brook\Fall 2022\ESE 345\Project\Pipelined-SIMD-multimedia-unit-design\Part1\MultimediaALU\ALU\src\wave.asdb
#  7:59 AM, Friday, October 28, 2022
#  Simulation has been initialized
# Waveform file 'untitled.awc' connected to 'C:/Users/seene/Desktop/Stony Brook/Fall 2022/ESE 345/Project/Pipelined-SIMD-multimedia-unit-design/Part1/MultimediaALU/ALU/src/wave.asdb'.
run @10ns
acom -O3 -e 100 -work ALU -2002  $dsn/src/ALU-tb.vhd
# Warning: DAGGEN_0523: The source is compiled without the -dbg switch. Line breakpoints and assertion debug will not be available.
# File: C:/Users/seene/Desktop/Stony Brook/Fall 2022/ESE 345/Project/Pipelined-SIMD-multimedia-unit-design/Part1/MultimediaALU/ALU/src/ALU-tb.vhd
# Compile Entity "alu_tb"
# Compile Architecture "testbench" of Entity "alu_tb"
# Compile success 0 Errors 0 Warnings  Analysis time :  32.0 [ms]
# ELBREAD: Elaboration process.
# ELBREAD: Elaboration time 0.0 [s].
# 
# KERNEL: Main thread initiated.
# KERNEL: Kernel process initialization phase.
# ELAB2: Elaboration final pass...
# ELAB2: Create instances ...
# KERNEL: Time resolution set to 1ps.
# ELAB2: Create instances complete.
# SLP: Started
# SLP: Elaboration phase ...
# SLP: Elaboration phase ... skipped, nothing to simulate in SLP mode : 0.0 [s]
# SLP: Finished : 0.0 [s]
# ELAB2: Elaboration final pass complete - time: 0.0 [s].
# KERNEL: Warning: You are using the Active-HDL Student Edition. The performance of simulation is running at a reduced rate.
# KERNEL: Warning: Contact Aldec for available upgrade options - sales@aldec.com.
# KERNEL: Kernel process initialization done.
# Allocation: Simulator allocated 5574 kB (elbread=427 elab2=5007 kernel=139 sdf=0)
# KERNEL: ASDB file was created in location C:\Users\seene\Desktop\Stony Brook\Fall 2022\ESE 345\Project\Pipelined-SIMD-multimedia-unit-design\Part1\MultimediaALU\ALU\src\wave.asdb
#  7:59 AM, Friday, October 28, 2022
#  Simulation has been initialized
# Waveform file 'untitled.awc' connected to 'C:/Users/seene/Desktop/Stony Brook/Fall 2022/ESE 345/Project/Pipelined-SIMD-multimedia-unit-design/Part1/MultimediaALU/ALU/src/wave.asdb'.
run @10ns
# EXECUTION:: FAILURE: Load failed
# EXECUTION:: Time: 0 ps,  Iteration: 0,  Instance: /alu_tb,  Process: line__25.
# KERNEL: Stopped at time 0 ps + 0.
restart
# ELBREAD: Elaboration process.
# ELBREAD: Elaboration time 0.0 [s].
# 
# KERNEL: Main thread initiated.
# KERNEL: Kernel process initialization phase.
# ELAB2: Elaboration final pass...
# ELAB2: Create instances ...
# KERNEL: Time resolution set to 1ps.
# ELAB2: Create instances complete.
# SLP: Started
# SLP: Elaboration phase ...
# SLP: Elaboration phase ... skipped, nothing to simulate in SLP mode : 0.0 [s]
# SLP: Finished : 0.0 [s]
# ELAB2: Elaboration final pass complete - time: 0.0 [s].
# KERNEL: Warning: You are using the Active-HDL Student Edition. The performance of simulation is running at a reduced rate.
# KERNEL: Warning: Contact Aldec for available upgrade options - sales@aldec.com.
# KERNEL: Kernel process initialization done.
# Allocation: Simulator allocated 5574 kB (elbread=427 elab2=5007 kernel=139 sdf=0)
# KERNEL: ASDB file was created in location C:\Users\seene\Desktop\Stony Brook\Fall 2022\ESE 345\Project\Pipelined-SIMD-multimedia-unit-design\Part1\MultimediaALU\ALU\src\wave.asdb
#  7:59 AM, Friday, October 28, 2022
#  Simulation has been initialized
# Waveform file 'untitled.awc' connected to 'C:/Users/seene/Desktop/Stony Brook/Fall 2022/ESE 345/Project/Pipelined-SIMD-multimedia-unit-design/Part1/MultimediaALU/ALU/src/wave.asdb'.
run 10 ns
# EXECUTION:: FAILURE: Load failed
# EXECUTION:: Time: 0 ps,  Iteration: 0,  Instance: /alu_tb,  Process: line__25.
# KERNEL: Stopped at time 0 ps + 0.
acom -O3 -e 100 -work ALU -2002  $dsn/src/ALU-tb.vhd
# Warning: DAGGEN_0523: The source is compiled without the -dbg switch. Line breakpoints and assertion debug will not be available.
# File: C:/Users/seene/Desktop/Stony Brook/Fall 2022/ESE 345/Project/Pipelined-SIMD-multimedia-unit-design/Part1/MultimediaALU/ALU/src/ALU-tb.vhd
# Compile Entity "alu_tb"
# Compile Architecture "testbench" of Entity "alu_tb"
# Compile success 0 Errors 0 Warnings  Analysis time :  47.0 [ms]
acom -O3 -e 100 -work ALU -2002  $dsn/src/ALU-tb.vhd
# Warning: DAGGEN_0523: The source is compiled without the -dbg switch. Line breakpoints and assertion debug will not be available.
# File: C:/Users/seene/Desktop/Stony Brook/Fall 2022/ESE 345/Project/Pipelined-SIMD-multimedia-unit-design/Part1/MultimediaALU/ALU/src/ALU-tb.vhd
# Compile Entity "alu_tb"
# Compile Architecture "testbench" of Entity "alu_tb"
# Compile success 0 Errors 0 Warnings  Analysis time :  32.0 [ms]
restart
# ELBREAD: Elaboration process.
# ELBREAD: Elaboration time 0.0 [s].
# 
# KERNEL: Main thread initiated.
# KERNEL: Kernel process initialization phase.
# ELAB2: Elaboration final pass...
# ELAB2: Create instances ...
# KERNEL: Time resolution set to 1ps.
# ELAB2: Create instances complete.
# SLP: Started
# SLP: Elaboration phase ...
# SLP: Elaboration phase ... skipped, nothing to simulate in SLP mode : 0.0 [s]
# SLP: Finished : 0.0 [s]
# ELAB2: Elaboration final pass complete - time: 0.0 [s].
# KERNEL: Warning: You are using the Active-HDL Student Edition. The performance of simulation is running at a reduced rate.
# KERNEL: Warning: Contact Aldec for available upgrade options - sales@aldec.com.
# KERNEL: Kernel process initialization done.
# Allocation: Simulator allocated 5573 kB (elbread=427 elab2=5007 kernel=139 sdf=0)
# KERNEL: ASDB file was created in location C:\Users\seene\Desktop\Stony Brook\Fall 2022\ESE 345\Project\Pipelined-SIMD-multimedia-unit-design\Part1\MultimediaALU\ALU\src\wave.asdb
#  8:02 AM, Friday, October 28, 2022
#  Simulation has been initialized
# Waveform file 'untitled.awc' connected to 'C:/Users/seene/Desktop/Stony Brook/Fall 2022/ESE 345/Project/Pipelined-SIMD-multimedia-unit-design/Part1/MultimediaALU/ALU/src/wave.asdb'.
run @10ns
# KERNEL: stopped at time: 10 ns
run @20ns
# KERNEL: stopped at time: 20 ns
run 10 ns
# KERNEL: stopped at time: 30 ns
run
endsim
# KERNEL: stopped at time: 16141640 ns
# VSIM: Simulation has finished.
asim -O5 +access +r +m+alu_tb alu_tb testbench
# ELBREAD: Elaboration process.
# ELBREAD: Elaboration time 0.0 [s].
# VSIM: Stack memory: 32MB
# VSIM: Retval memory: 32MB
# 
# KERNEL: Main thread initiated.
# KERNEL: Kernel process initialization phase.
# ELAB2: Elaboration final pass...
# ELAB2: Create instances ...
# KERNEL: Time resolution set to 1ps.
# ELAB2: Create instances complete.
# SLP: Started
# SLP: Elaboration phase ...
# SLP: Elaboration phase ... skipped, nothing to simulate in SLP mode : 0.0 [s]
# SLP: Finished : 0.0 [s]
# ELAB2: Elaboration final pass complete - time: 0.0 [s].
# KERNEL: Warning: You are using the Active-HDL Student Edition. The performance of simulation is running at a reduced rate.
# KERNEL: Warning: Contact Aldec for available upgrade options - sales@aldec.com.
# KERNEL: Kernel process initialization done.
# Allocation: Simulator allocated 5573 kB (elbread=427 elab2=5007 kernel=139 sdf=0)
# KERNEL: ASDB file was created in location C:\Users\seene\Desktop\Stony Brook\Fall 2022\ESE 345\Project\Pipelined-SIMD-multimedia-unit-design\Part1\MultimediaALU\ALU\src\wave.asdb
#  8:03 AM, Friday, October 28, 2022
#  Simulation has been initialized
# Waveform file 'untitled.awc' connected to 'C:/Users/seene/Desktop/Stony Brook/Fall 2022/ESE 345/Project/Pipelined-SIMD-multimedia-unit-design/Part1/MultimediaALU/ALU/src/wave.asdb'.
restart
# ELBREAD: Elaboration process.
# ELBREAD: Elaboration time 0.0 [s].
# 
# KERNEL: Main thread initiated.
# KERNEL: Kernel process initialization phase.
# ELAB2: Elaboration final pass...
# ELAB2: Create instances ...
# KERNEL: Time resolution set to 1ps.
# ELAB2: Create instances complete.
# SLP: Started
# SLP: Elaboration phase ...
# SLP: Elaboration phase ... skipped, nothing to simulate in SLP mode : 0.0 [s]
# SLP: Finished : 0.0 [s]
# ELAB2: Elaboration final pass complete - time: 0.0 [s].
# KERNEL: Warning: You are using the Active-HDL Student Edition. The performance of simulation is running at a reduced rate.
# KERNEL: Warning: Contact Aldec for available upgrade options - sales@aldec.com.
# KERNEL: Kernel process initialization done.
# Allocation: Simulator allocated 5573 kB (elbread=427 elab2=5007 kernel=139 sdf=0)
# KERNEL: ASDB file was created in location C:\Users\seene\Desktop\Stony Brook\Fall 2022\ESE 345\Project\Pipelined-SIMD-multimedia-unit-design\Part1\MultimediaALU\ALU\src\wave.asdb
#  8:03 AM, Friday, October 28, 2022
#  Simulation has been initialized
# Waveform file 'untitled.awc' connected to 'C:/Users/seene/Desktop/Stony Brook/Fall 2022/ESE 345/Project/Pipelined-SIMD-multimedia-unit-design/Part1/MultimediaALU/ALU/src/wave.asdb'.
run
endsim
# KERNEL: stopped at time: 51501610 ns
# VSIM: Simulation has finished.
acom -O3 -e 100 -work ALU -2002  $dsn/src/ALU-tb.vhd
# Warning: DAGGEN_0523: The source is compiled without the -dbg switch. Line breakpoints and assertion debug will not be available.
# File: C:/Users/seene/Desktop/Stony Brook/Fall 2022/ESE 345/Project/Pipelined-SIMD-multimedia-unit-design/Part1/MultimediaALU/ALU/src/ALU-tb.vhd
# Compile Entity "alu_tb"
# Compile Architecture "testbench" of Entity "alu_tb"
# Compile success 0 Errors 0 Warnings  Analysis time :  31.0 [ms]
asim -O5 +access +r +m+alu_tb alu_tb testbench
# ELBREAD: Elaboration process.
# ELBREAD: Elaboration time 0.0 [s].
# VSIM: Stack memory: 32MB
# VSIM: Retval memory: 32MB
# 
# KERNEL: Main thread initiated.
# KERNEL: Kernel process initialization phase.
# ELAB2: Elaboration final pass...
# ELAB2: Create instances ...
# KERNEL: Time resolution set to 1ps.
# ELAB2: Create instances complete.
# SLP: Started
# SLP: Elaboration phase ...
# SLP: Elaboration phase ... skipped, nothing to simulate in SLP mode : 0.0 [s]
# SLP: Finished : 0.0 [s]
# ELAB2: Elaboration final pass complete - time: 0.0 [s].
# KERNEL: Warning: You are using the Active-HDL Student Edition. The performance of simulation is running at a reduced rate.
# KERNEL: Warning: Contact Aldec for available upgrade options - sales@aldec.com.
# KERNEL: Kernel process initialization done.
# Allocation: Simulator allocated 5573 kB (elbread=427 elab2=5007 kernel=139 sdf=0)
# KERNEL: ASDB file was created in location C:\Users\seene\Desktop\Stony Brook\Fall 2022\ESE 345\Project\Pipelined-SIMD-multimedia-unit-design\Part1\MultimediaALU\ALU\src\wave.asdb
#  8:05 AM, Friday, October 28, 2022
#  Simulation has been initialized
# Waveform file 'untitled.awc' connected to 'C:/Users/seene/Desktop/Stony Brook/Fall 2022/ESE 345/Project/Pipelined-SIMD-multimedia-unit-design/Part1/MultimediaALU/ALU/src/wave.asdb'.
restart
# ELBREAD: Elaboration process.
# ELBREAD: Elaboration time 0.0 [s].
# 
# KERNEL: Main thread initiated.
# KERNEL: Kernel process initialization phase.
# ELAB2: Elaboration final pass...
# ELAB2: Create instances ...
# KERNEL: Time resolution set to 1ps.
# ELAB2: Create instances complete.
# SLP: Started
# SLP: Elaboration phase ...
# SLP: Elaboration phase ... skipped, nothing to simulate in SLP mode : 0.0 [s]
# SLP: Finished : 0.0 [s]
# ELAB2: Elaboration final pass complete - time: 0.0 [s].
# KERNEL: Warning: You are using the Active-HDL Student Edition. The performance of simulation is running at a reduced rate.
# KERNEL: Warning: Contact Aldec for available upgrade options - sales@aldec.com.
# KERNEL: Kernel process initialization done.
# Allocation: Simulator allocated 5573 kB (elbread=427 elab2=5007 kernel=139 sdf=0)
# KERNEL: ASDB file was created in location C:\Users\seene\Desktop\Stony Brook\Fall 2022\ESE 345\Project\Pipelined-SIMD-multimedia-unit-design\Part1\MultimediaALU\ALU\src\wave.asdb
#  8:05 AM, Friday, October 28, 2022
#  Simulation has been initialized
# Waveform file 'untitled.awc' connected to 'C:/Users/seene/Desktop/Stony Brook/Fall 2022/ESE 345/Project/Pipelined-SIMD-multimedia-unit-design/Part1/MultimediaALU/ALU/src/wave.asdb'.
run 10 ns
# KERNEL: stopped at time: 10 ns
restart
# ELBREAD: Elaboration process.
# ELBREAD: Elaboration time 0.0 [s].
# 
# KERNEL: Main thread initiated.
# KERNEL: Kernel process initialization phase.
# ELAB2: Elaboration final pass...
# ELAB2: Create instances ...
# KERNEL: Time resolution set to 1ps.
# ELAB2: Create instances complete.
# SLP: Started
# SLP: Elaboration phase ...
# SLP: Elaboration phase ... skipped, nothing to simulate in SLP mode : 0.0 [s]
# SLP: Finished : 0.0 [s]
# ELAB2: Elaboration final pass complete - time: 0.0 [s].
# KERNEL: Warning: You are using the Active-HDL Student Edition. The performance of simulation is running at a reduced rate.
# KERNEL: Warning: Contact Aldec for available upgrade options - sales@aldec.com.
# KERNEL: Kernel process initialization done.
# Allocation: Simulator allocated 5573 kB (elbread=427 elab2=5007 kernel=139 sdf=0)
# KERNEL: ASDB file was created in location C:\Users\seene\Desktop\Stony Brook\Fall 2022\ESE 345\Project\Pipelined-SIMD-multimedia-unit-design\Part1\MultimediaALU\ALU\src\wave.asdb
#  8:05 AM, Friday, October 28, 2022
#  Simulation has been initialized
# Waveform file 'untitled.awc' connected to 'C:/Users/seene/Desktop/Stony Brook/Fall 2022/ESE 345/Project/Pipelined-SIMD-multimedia-unit-design/Part1/MultimediaALU/ALU/src/wave.asdb'.
run
# KERNEL: Simulation has finished. There are no more test vectors to simulate.
